<?xml version="1.0" encoding="UTF-8"?>
<!-- Generated by org.testng.reporters.JUnitReportReporter -->
<testsuite hostname="Asplap2656" failures="0" tests="3" name="ClientApplication.POMClientAppWithHashMap" time="148.620" errors="0" timestamp="2024-01-10T15:43:36 IST" skipped="0">
  <testcase classname="ClientApplication.POMClientAppWithHashMap" name="purchaseOrder" time="56.386"/>
  <testcase classname="ClientApplication.POMClientAppWithHashMap" name="purchaseOrder" time="62.414"/>
  <testcase classname="ClientApplication.POMClientAppWithHashMap" name="VerifyOrder" time="29.820"/>
</testsuite> <!-- ClientApplication.POMClientAppWithHashMap -->
