<?xml version="1.0" encoding="UTF-8"?>
<!-- Generated by org.testng.reporters.JUnitReportReporter -->
<testsuite hostname="Asplap2656" failures="0" tests="1" name="WaitSynchronization.ExplicitWait" time="18.783" errors="0" timestamp="2024-01-11T17:50:22 IST" skipped="0">
  <testcase classname="WaitSynchronization.ExplicitWait" name="explicitWait" time="18.783"/>
</testsuite> <!-- WaitSynchronization.ExplicitWait -->
