<?xml version="1.0" encoding="UTF-8"?>
<!-- Generated by org.testng.reporters.JUnitReportReporter -->
<testsuite hostname="Asplap2656" failures="0" tests="3" name="ClientApplication.POMClientAppWithHashMap" time="139.981" errors="0" timestamp="2024-01-10T19:17:29 IST" skipped="0">
  <testcase classname="ClientApplication.POMClientAppWithHashMap" name="purchaseOrder" time="50.554"/>
  <testcase classname="ClientApplication.POMClientAppWithHashMap" name="purchaseOrder" time="52.106"/>
  <testcase classname="ClientApplication.POMClientAppWithHashMap" name="VerifyOrder" time="37.321"/>
</testsuite> <!-- ClientApplication.POMClientAppWithHashMap -->
