<?xml version="1.0" encoding="UTF-8"?>
<!-- Generated by org.testng.reporters.JUnitReportReporter -->
<testsuite hostname="Asplap2656" failures="0" tests="1" name="Miscellaneous.Cookies" time="43.918" errors="0" timestamp="2024-01-10T19:17:29 IST" skipped="0">
  <testcase classname="Miscellaneous.Cookies" name="addCookies" time="43.918"/>
</testsuite> <!-- Miscellaneous.Cookies -->
