<?xml version="1.0" encoding="UTF-8"?>
<!-- Generated by org.testng.reporters.JUnitReportReporter -->
<testsuite hostname="Asplap2656" failures="0" tests="1" name="Selenium4.NetworkSpeed" time="21.945" errors="0" timestamp="2024-01-10T19:17:30 IST" skipped="0">
  <testcase classname="Selenium4.NetworkSpeed" name="changeNetworkSpeed" time="21.945"/>
</testsuite> <!-- Selenium4.NetworkSpeed -->
