<?xml version="1.0" encoding="UTF-8"?>
<!-- Generated by org.testng.reporters.JUnitReportReporter -->
<testsuite hostname="Asplap2656" failures="0" tests="1" name="Selenium4.BlockRequest" time="4.463" errors="0" timestamp="2024-01-10T19:17:30 IST" skipped="0">
  <testcase classname="Selenium4.BlockRequest" name="BlockImageRequest" time="4.463"/>
</testsuite> <!-- Selenium4.BlockRequest -->
