<?xml version="1.0" encoding="UTF-8"?>
<!-- Generated by org.testng.reporters.JUnitReportReporter -->
<testsuite hostname="Asplap2656" failures="0" tests="1" name="Deque.Array_Deque" time="0.000" errors="0" timestamp="2024-01-10T19:17:29 IST" skipped="0">
  <testcase classname="Deque.Array_Deque" name="arrayDeque" time="0.000"/>
</testsuite> <!-- Deque.Array_Deque -->
