<?xml version="1.0" encoding="UTF-8"?>
<!-- Generated by org.testng.reporters.JUnitReportReporter -->
<testsuite hostname="Asplap2656" failures="0" tests="1" name="SortedSet.Tree_Set" time="0.026" errors="0" timestamp="2024-01-10T19:17:29 IST" skipped="0">
  <testcase classname="SortedSet.Tree_Set" name="treeSet" time="0.026"/>
</testsuite> <!-- SortedSet.Tree_Set -->
