<?xml version="1.0" encoding="UTF-8"?>
<!-- Generated by org.testng.reporters.JUnitReportReporter -->
<testsuite hostname="Asplap2656" failures="0" tests="1" name="ClientApplication.ClientAppEnd2EndFlow" time="25.309" errors="0" timestamp="2024-01-10T16:39:54 IST" skipped="0">
  <testcase classname="ClientApplication.ClientAppEnd2EndFlow" name="OrderPurchase" time="25.309"/>
</testsuite> <!-- ClientApplication.ClientAppEnd2EndFlow -->
