<?xml version="1.0" encoding="UTF-8"?>
<!-- Generated by org.testng.reporters.JUnitReportReporter -->
<testsuite hostname="Asplap2656" failures="0" tests="3" name="ClientApplication.POMClientAppDataProvider" time="134.427" errors="0" timestamp="2024-01-10T19:17:29 IST" skipped="0">
  <testcase classname="ClientApplication.POMClientAppDataProvider" name="purchaseOrder" time="45.181"/>
  <testcase classname="ClientApplication.POMClientAppDataProvider" name="VerifyOrder" time="19.681"/>
  <testcase classname="ClientApplication.POMClientAppDataProvider" name="purchaseOrder" time="69.565"/>
</testsuite> <!-- ClientApplication.POMClientAppDataProvider -->
