<?xml version="1.0" encoding="UTF-8"?>
<!-- Generated by org.testng.reporters.JUnitReportReporter -->
<testsuite hostname="Asplap2656" failures="0" tests="3" name="ClientApplication.POMClientAppDataProvider" time="121.948" errors="0" timestamp="2024-01-10T15:43:36 IST" skipped="0">
  <testcase classname="ClientApplication.POMClientAppDataProvider" name="purchaseOrder" time="37.016"/>
  <testcase classname="ClientApplication.POMClientAppDataProvider" name="VerifyOrder" time="32.297"/>
  <testcase classname="ClientApplication.POMClientAppDataProvider" name="purchaseOrder" time="52.635"/>
</testsuite> <!-- ClientApplication.POMClientAppDataProvider -->
