<?xml version="1.0" encoding="UTF-8"?>
<!-- Generated by org.testng.reporters.JUnitReportReporter -->
<testsuite hostname="Asplap2656" failures="0" tests="3" name="ClientApplication.POMClientAppWithJSON" time="130.824" errors="0" timestamp="2024-01-10T19:17:30 IST" skipped="0">
  <testcase classname="ClientApplication.POMClientAppWithJSON" name="purchaseOrder" time="54.934"/>
  <testcase classname="ClientApplication.POMClientAppWithJSON" name="purchaseOrder" time="48.903"/>
  <testcase classname="ClientApplication.POMClientAppWithJSON" name="VerifyOrder" time="26.987"/>
</testsuite> <!-- ClientApplication.POMClientAppWithJSON -->
