<?xml version="1.0" encoding="UTF-8"?>
<!-- Generated by org.testng.reporters.JUnitReportReporter -->
<testsuite hostname="Asplap2656" failures="0" tests="1" name="WaitSynchronization.FluentWaitClass" time="20.796" errors="0" timestamp="2024-01-10T19:17:29 IST" skipped="0">
  <testcase classname="WaitSynchronization.FluentWaitClass" name="fluentWait" time="20.796"/>
</testsuite> <!-- WaitSynchronization.FluentWaitClass -->
