<?xml version="1.0" encoding="UTF-8"?>
<!-- Generated by org.testng.reporters.JUnitReportReporter -->
<testsuite hostname="Asplap2656" failures="0" tests="2" name="ClientApplication.POMClientAppEnd2EndFlow" time="79.411" errors="0" timestamp="2024-01-10T19:17:29 IST" skipped="0">
  <testcase classname="ClientApplication.POMClientAppEnd2EndFlow" name="VerifyOrder" time="28.360"/>
  <testcase classname="ClientApplication.POMClientAppEnd2EndFlow" name="purchaseOrder" time="51.051"/>
</testsuite> <!-- ClientApplication.POMClientAppEnd2EndFlow -->
