<?xml version="1.0" encoding="UTF-8"?>
<!-- Generated by org.testng.reporters.JUnitReportReporter -->
<testsuite hostname="Asplap2656" failures="0" tests="2" name="ClientApplication.POMClientAppEnd2EndFlow" time="76.219" errors="0" timestamp="2024-01-10T15:43:36 IST" skipped="0">
  <testcase classname="ClientApplication.POMClientAppEnd2EndFlow" name="purchaseOrder" time="33.971"/>
  <testcase classname="ClientApplication.POMClientAppEnd2EndFlow" name="VerifyOrder" time="42.248"/>
</testsuite> <!-- ClientApplication.POMClientAppEnd2EndFlow -->
