<?xml version="1.0" encoding="UTF-8"?>
<!-- Generated by org.testng.reporters.JUnitReportReporter -->
<testsuite hostname="Asplap2656" failures="0" tests="1" name="Miscellaneous.TakeScreenshot" time="33.772" errors="0" timestamp="2024-01-10T19:17:29 IST" skipped="0">
  <testcase classname="Miscellaneous.TakeScreenshot" name="getScreenshot" time="33.772"/>
</testsuite> <!-- Miscellaneous.TakeScreenshot -->
