<?xml version="1.0" encoding="UTF-8"?>
<!-- Generated by org.testng.reporters.JUnitReportReporter -->
<testsuite hostname="Asplap2656" failures="0" tests="1" name="Stream.StreamConcat" time="0.006" errors="0" timestamp="2024-01-10T19:17:30 IST" skipped="0">
  <testcase classname="Stream.StreamConcat" name="streamConcat" time="0.006"/>
</testsuite> <!-- Stream.StreamConcat -->
