<?xml version="1.0" encoding="UTF-8"?>
<!-- Generated by org.testng.reporters.JUnitReportReporter -->
<testsuite hostname="Asplap2656" failures="0" tests="1" name="Stream.StreamDistinct" time="0.002" errors="0" timestamp="2024-01-10T19:17:29 IST" skipped="0">
  <testcase classname="Stream.StreamDistinct" name="streamDistinct" time="0.002"/>
</testsuite> <!-- Stream.StreamDistinct -->
