<?xml version="1.0" encoding="UTF-8"?>
<!-- Generated by org.testng.reporters.JUnitReportReporter -->
<testsuite hostname="Asplap2656" failures="0" tests="1" name="List.StackList" time="0.003" errors="0" timestamp="2024-01-10T19:17:29 IST" skipped="0">
  <testcase classname="List.StackList" name="stackList" time="0.003"/>
</testsuite> <!-- List.StackList -->
