<?xml version="1.0" encoding="UTF-8"?>
<!-- Generated by org.testng.reporters.JUnitReportReporter -->
<testsuite hostname="Asplap2656" failures="0" tests="3" name="ClientApplication.POMClientAppWithJSON" time="112.657" errors="0" timestamp="2024-01-10T15:43:36 IST" skipped="0">
  <testcase classname="ClientApplication.POMClientAppWithJSON" name="purchaseOrder" time="34.885"/>
  <testcase classname="ClientApplication.POMClientAppWithJSON" name="VerifyOrder" time="28.797"/>
  <testcase classname="ClientApplication.POMClientAppWithJSON" name="purchaseOrder" time="48.975"/>
</testsuite> <!-- ClientApplication.POMClientAppWithJSON -->
