<?xml version="1.0" encoding="UTF-8"?>
<!-- Generated by org.testng.reporters.JUnitReportReporter -->
<testsuite hostname="Asplap2656" failures="0" tests="1" name="Selenium4.PartialScreenshot" time="6.816" errors="0" timestamp="2024-01-10T19:17:29 IST" skipped="0">
  <testcase classname="Selenium4.PartialScreenshot" name="screenshotPartial" time="6.816"/>
</testsuite> <!-- Selenium4.PartialScreenshot -->
